Determining if the Q_WS_WIN exist failed with the following output:
Change Dir: /home/raobereg/BionX/BIB1/Sniffing/cutecom/cutecom-0.22.BIONX/build/CMakeFiles/CMakeTmp

Run Build Command:"/usr/bin/make" "cmTC_dfb0b/fast"
/usr/bin/make -f CMakeFiles/cmTC_dfb0b.dir/build.make CMakeFiles/cmTC_dfb0b.dir/build
make[1]: Verzeichnis „/home/raobereg/BionX/BIB1/Sniffing/cutecom/cutecom-0.22.BIONX/build/CMakeFiles/CMakeTmp“ wird betreten
Building CXX object CMakeFiles/cmTC_dfb0b.dir/CheckSymbolExists.cxx.o
/usr/bin/x86_64-linux-gnu-g++-7   -I/usr/include/qt4   -o CMakeFiles/cmTC_dfb0b.dir/CheckSymbolExists.cxx.o -c /home/raobereg/BionX/BIB1/Sniffing/cutecom/cutecom-0.22.BIONX/build/CMakeFiles/CMakeTmp/CheckSymbolExists.cxx
/home/raobereg/BionX/BIB1/Sniffing/cutecom/cutecom-0.22.BIONX/build/CMakeFiles/CMakeTmp/CheckSymbolExists.cxx: In function ‘int main(int, char**)’:
/home/raobereg/BionX/BIB1/Sniffing/cutecom/cutecom-0.22.BIONX/build/CMakeFiles/CMakeTmp/CheckSymbolExists.cxx:8:19: error: ‘Q_WS_WIN’ was not declared in this scope
   return ((int*)(&Q_WS_WIN))[argc];
                   ^~~~~~~~
/home/raobereg/BionX/BIB1/Sniffing/cutecom/cutecom-0.22.BIONX/build/CMakeFiles/CMakeTmp/CheckSymbolExists.cxx:8:19: note: suggested alternative: ‘Q_WS_X11’
   return ((int*)(&Q_WS_WIN))[argc];
                   ^~~~~~~~
                   Q_WS_X11
CMakeFiles/cmTC_dfb0b.dir/build.make:65: recipe for target 'CMakeFiles/cmTC_dfb0b.dir/CheckSymbolExists.cxx.o' failed
make[1]: *** [CMakeFiles/cmTC_dfb0b.dir/CheckSymbolExists.cxx.o] Error 1
make[1]: Verzeichnis „/home/raobereg/BionX/BIB1/Sniffing/cutecom/cutecom-0.22.BIONX/build/CMakeFiles/CMakeTmp“ wird verlassen
Makefile:126: recipe for target 'cmTC_dfb0b/fast' failed
make: *** [cmTC_dfb0b/fast] Error 2

File /home/raobereg/BionX/BIB1/Sniffing/cutecom/cutecom-0.22.BIONX/build/CMakeFiles/CMakeTmp/CheckSymbolExists.cxx:
/* */
#include <QtCore/qglobal.h>

int main(int argc, char** argv)
{
  (void)argv;
#ifndef Q_WS_WIN
  return ((int*)(&Q_WS_WIN))[argc];
#else
  (void)argc;
  return 0;
#endif
}

Determining if the Q_WS_QWS exist failed with the following output:
Change Dir: /home/raobereg/BionX/BIB1/Sniffing/cutecom/cutecom-0.22.BIONX/build/CMakeFiles/CMakeTmp

Run Build Command:"/usr/bin/make" "cmTC_52f72/fast"
/usr/bin/make -f CMakeFiles/cmTC_52f72.dir/build.make CMakeFiles/cmTC_52f72.dir/build
make[1]: Verzeichnis „/home/raobereg/BionX/BIB1/Sniffing/cutecom/cutecom-0.22.BIONX/build/CMakeFiles/CMakeTmp“ wird betreten
Building CXX object CMakeFiles/cmTC_52f72.dir/CheckSymbolExists.cxx.o
/usr/bin/x86_64-linux-gnu-g++-7   -I/usr/include/qt4   -o CMakeFiles/cmTC_52f72.dir/CheckSymbolExists.cxx.o -c /home/raobereg/BionX/BIB1/Sniffing/cutecom/cutecom-0.22.BIONX/build/CMakeFiles/CMakeTmp/CheckSymbolExists.cxx
/home/raobereg/BionX/BIB1/Sniffing/cutecom/cutecom-0.22.BIONX/build/CMakeFiles/CMakeTmp/CheckSymbolExists.cxx: In function ‘int main(int, char**)’:
/home/raobereg/BionX/BIB1/Sniffing/cutecom/cutecom-0.22.BIONX/build/CMakeFiles/CMakeTmp/CheckSymbolExists.cxx:8:19: error: ‘Q_WS_QWS’ was not declared in this scope
   return ((int*)(&Q_WS_QWS))[argc];
                   ^~~~~~~~
/home/raobereg/BionX/BIB1/Sniffing/cutecom/cutecom-0.22.BIONX/build/CMakeFiles/CMakeTmp/CheckSymbolExists.cxx:8:19: note: suggested alternative: ‘Q_WS_X11’
   return ((int*)(&Q_WS_QWS))[argc];
                   ^~~~~~~~
                   Q_WS_X11
CMakeFiles/cmTC_52f72.dir/build.make:65: recipe for target 'CMakeFiles/cmTC_52f72.dir/CheckSymbolExists.cxx.o' failed
make[1]: *** [CMakeFiles/cmTC_52f72.dir/CheckSymbolExists.cxx.o] Error 1
make[1]: Verzeichnis „/home/raobereg/BionX/BIB1/Sniffing/cutecom/cutecom-0.22.BIONX/build/CMakeFiles/CMakeTmp“ wird verlassen
Makefile:126: recipe for target 'cmTC_52f72/fast' failed
make: *** [cmTC_52f72/fast] Error 2

File /home/raobereg/BionX/BIB1/Sniffing/cutecom/cutecom-0.22.BIONX/build/CMakeFiles/CMakeTmp/CheckSymbolExists.cxx:
/* */
#include <QtCore/qglobal.h>

int main(int argc, char** argv)
{
  (void)argv;
#ifndef Q_WS_QWS
  return ((int*)(&Q_WS_QWS))[argc];
#else
  (void)argc;
  return 0;
#endif
}

Determining if the Q_WS_MAC exist failed with the following output:
Change Dir: /home/raobereg/BionX/BIB1/Sniffing/cutecom/cutecom-0.22.BIONX/build/CMakeFiles/CMakeTmp

Run Build Command:"/usr/bin/make" "cmTC_3a521/fast"
/usr/bin/make -f CMakeFiles/cmTC_3a521.dir/build.make CMakeFiles/cmTC_3a521.dir/build
make[1]: Verzeichnis „/home/raobereg/BionX/BIB1/Sniffing/cutecom/cutecom-0.22.BIONX/build/CMakeFiles/CMakeTmp“ wird betreten
Building CXX object CMakeFiles/cmTC_3a521.dir/CheckSymbolExists.cxx.o
/usr/bin/x86_64-linux-gnu-g++-7   -I/usr/include/qt4   -o CMakeFiles/cmTC_3a521.dir/CheckSymbolExists.cxx.o -c /home/raobereg/BionX/BIB1/Sniffing/cutecom/cutecom-0.22.BIONX/build/CMakeFiles/CMakeTmp/CheckSymbolExists.cxx
/home/raobereg/BionX/BIB1/Sniffing/cutecom/cutecom-0.22.BIONX/build/CMakeFiles/CMakeTmp/CheckSymbolExists.cxx: In function ‘int main(int, char**)’:
/home/raobereg/BionX/BIB1/Sniffing/cutecom/cutecom-0.22.BIONX/build/CMakeFiles/CMakeTmp/CheckSymbolExists.cxx:8:19: error: ‘Q_WS_MAC’ was not declared in this scope
   return ((int*)(&Q_WS_MAC))[argc];
                   ^~~~~~~~
/home/raobereg/BionX/BIB1/Sniffing/cutecom/cutecom-0.22.BIONX/build/CMakeFiles/CMakeTmp/CheckSymbolExists.cxx:8:19: note: suggested alternative: ‘Q_WS_X11’
   return ((int*)(&Q_WS_MAC))[argc];
                   ^~~~~~~~
                   Q_WS_X11
CMakeFiles/cmTC_3a521.dir/build.make:65: recipe for target 'CMakeFiles/cmTC_3a521.dir/CheckSymbolExists.cxx.o' failed
make[1]: *** [CMakeFiles/cmTC_3a521.dir/CheckSymbolExists.cxx.o] Error 1
make[1]: Verzeichnis „/home/raobereg/BionX/BIB1/Sniffing/cutecom/cutecom-0.22.BIONX/build/CMakeFiles/CMakeTmp“ wird verlassen
Makefile:126: recipe for target 'cmTC_3a521/fast' failed
make: *** [cmTC_3a521/fast] Error 2

File /home/raobereg/BionX/BIB1/Sniffing/cutecom/cutecom-0.22.BIONX/build/CMakeFiles/CMakeTmp/CheckSymbolExists.cxx:
/* */
#include <QtCore/qglobal.h>

int main(int argc, char** argv)
{
  (void)argv;
#ifndef Q_WS_MAC
  return ((int*)(&Q_WS_MAC))[argc];
#else
  (void)argc;
  return 0;
#endif
}

